# JRE version: Java(TM) SE Runtime Environment (17.0.4.1+1) (build 17.0.4.1+1-LTS-2)
# Java VM: Java HotSpot(TM) 64-Bit Server VM (17.0.4.1+1-LTS-2, mixed mode, sharing, tiered, compressed oops, compressed class ptrs, g1 gc, windows-amd64)
GC Precious Log:
 CPUs: 4 total, 4 available
 Memory: 3521M
 Large Page Support: Disabled
 NUMA Support: Disabled
 Compressed Oops: Enabled (32-bit)
 Heap Region Size: 1M
 Heap Min Capacity: 8M
 Heap Initial Capacity: 56M
 Heap Max Capacity: 882M
 Pre-touch: Disabled
 Parallel Workers: 4
 Concurrent Workers: 1
 Concurrent Refinement Workers: 4
 Periodic GC: Disabled
Heap:
 garbage-first heap   total 71680K, used 40542K [0x00000000c8e00000, 0x0000000100000000)
  region size 1024K, 9 young (9216K), 1 survivors (1024K)
 Metaspace       used 69697K, committed 70144K, reserved 1114112K
  class space    used 9395K, committed 9600K, reserved 1048576K
GC Heap History (20 events):
Event: 32.307 GC heap before
{Heap before GC invocations=35 (full 0):
 garbage-first heap   total 56320K, used 46091K [0x00000000c8e00000, 0x0000000100000000)
  region size 1024K, 17 young (17408K), 2 survivors (2048K)
 Metaspace       used 61531K, committed 61952K, reserved 1105920K
  class space    used 8428K, committed 8640K, reserved 1048576K
}
Event: 32.313 GC heap after
{Heap after GC invocations=36 (full 0):
 garbage-first heap   total 56320K, used 31811K [0x00000000c8e00000, 0x0000000100000000)
  region size 1024K, 2 young (2048K), 2 survivors (2048K)
 Metaspace       used 61531K, committed 61952K, reserved 1105920K
  class space    used 8428K, committed 8640K, reserved 1048576K
}
Event: 33.638 GC heap before
{Heap before GC invocations=37 (full 0):
 garbage-first heap   total 56320K, used 45123K [0x00000000c8e00000, 0x0000000100000000)
  region size 1024K, 16 young (16384K), 2 survivors (2048K)
 Metaspace       used 63658K, committed 64064K, reserved 1105920K
  class space    used 8694K, committed 8896K, reserved 1048576K
}
Event: 33.645 GC heap after
{Heap after GC invocations=38 (full 0):
 garbage-first heap   total 56320K, used 33471K [0x00000000c8e00000, 0x0000000100000000)
  region size 1024K, 2 young (2048K), 2 survivors (2048K)
 Metaspace       used 63658K, committed 64064K, reserved 1105920K
  class space    used 8694K, committed 8896K, reserved 1048576K
}
Event: 34.306 GC heap before
{Heap before GC invocations=38 (full 0):
 garbage-first heap   total 56320K, used 45759K [0x00000000c8e00000, 0x0000000100000000)
  region size 1024K, 14 young (14336K), 2 survivors (2048K)
 Metaspace       used 65279K, committed 65728K, reserved 1105920K
  class space    used 8899K, committed 9088K, reserved 1048576K
}
Event: 34.312 GC heap after
{Heap after GC invocations=39 (full 0):
 garbage-first heap   total 56320K, used 34764K [0x00000000c8e00000, 0x0000000100000000)
  region size 1024K, 2 young (2048K), 2 survivors (2048K)
 Metaspace       used 65279K, committed 65728K, reserved 1105920K
  class space    used 8899K, committed 9088K, reserved 1048576K
}
Event: 41.340 GC heap before
{Heap before GC invocations=40 (full 0):
 garbage-first heap   total 63488K, used 45004K [0x00000000c8e00000, 0x0000000100000000)
  region size 1024K, 12 young (12288K), 2 survivors (2048K)
 Metaspace       used 67613K, committed 68032K, reserved 1114112K
  class space    used 9190K, committed 9408K, reserved 1048576K
}
Event: 41.352 GC heap after
{Heap after GC invocations=41 (full 0):
 garbage-first heap   total 63488K, used 35358K [0x00000000c8e00000, 0x0000000100000000)
  region size 1024K, 1 young (1024K), 1 survivors (1024K)
 Metaspace       used 67613K, committed 68032K, reserved 1114112K
  class space    used 9190K, committed 9408K, reserved 1048576K
}
Event: 114.748 GC heap before
{Heap before GC invocations=41 (full 0):
 garbage-first heap   total 63488K, used 50718K [0x00000000c8e00000, 0x0000000100000000)
  region size 1024K, 17 young (17408K), 1 survivors (1024K)
 Metaspace       used 69551K, committed 70016K, reserved 1114112K
  class space    used 9383K, committed 9600K, reserved 1048576K
}
Event: 114.785 GC heap after
{Heap after GC invocations=42 (full 0):
 garbage-first heap   total 63488K, used 36005K [0x00000000c8e00000, 0x0000000100000000)
  region size 1024K, 2 young (2048K), 2 survivors (2048K)
 Metaspace       used 69551K, committed 70016K, reserved 1114112K
  class space    used 9383K, committed 9600K, reserved 1048576K
}
Event: 115.388 GC heap before
{Heap before GC invocations=43 (full 0):
 garbage-first heap   total 71680K, used 51365K [0x00000000c8e00000, 0x0000000100000000)
  region size 1024K, 17 young (17408K), 2 survivors (2048K)
 Metaspace       used 69556K, committed 70016K, reserved 1114112K
  class space    used 9383K, committed 9600K, reserved 1048576K
}
Event: 115.395 GC heap after
{Heap after GC invocations=44 (full 0):
 garbage-first heap   total 71680K, used 36008K [0x00000000c8e00000, 0x0000000100000000)
  region size 1024K, 2 young (2048K), 2 survivors (2048K)
 Metaspace       used 69556K, committed 70016K, reserved 1114112K
  class space    used 9383K, committed 9600K, reserved 1048576K
}
Event: 115.446 GC heap before
{Heap before GC invocations=44 (full 0):
 garbage-first heap   total 71680K, used 37032K [0x00000000c8e00000, 0x0000000100000000)
  region size 1024K, 3 young (3072K), 2 survivors (2048K)
 Metaspace       used 69556K, committed 70016K, reserved 1114112K
  class space    used 9383K, committed 9600K, reserved 1048576K
}
Event: 115.457 GC heap after
{Heap after GC invocations=45 (full 0):
 garbage-first heap   total 71680K, used 34224K [0x00000000c8e00000, 0x0000000100000000)
  region size 1024K, 1 young (1024K), 1 survivors (1024K)
 Metaspace       used 69556K, committed 70016K, reserved 1114112K
  class space    used 9383K, committed 9600K, reserved 1048576K
}
Event: 115.672 GC heap before
{Heap before GC invocations=45 (full 0):
 garbage-first heap   total 71680K, used 58800K [0x00000000c8e00000, 0x0000000100000000)
  region size 1024K, 25 young (25600K), 1 survivors (1024K)
 Metaspace       used 69569K, committed 70016K, reserved 1114112K
  class space    used 9383K, committed 9600K, reserved 1048576K
}
Event: 115.673 GC heap after
{Heap after GC invocations=46 (full 0):
 garbage-first heap   total 71680K, used 34227K [0x00000000c8e00000, 0x0000000100000000)
  region size 1024K, 1 young (1024K), 1 survivors (1024K)
 Metaspace       used 69569K, committed 70016K, reserved 1114112K
  class space    used 9383K, committed 9600K, reserved 1048576K
}
Event: 115.877 GC heap before
{Heap before GC invocations=47 (full 0):
 garbage-first heap   total 71680K, used 58803K [0x00000000c8e00000, 0x0000000100000000)
  region size 1024K, 25 young (25600K), 1 survivors (1024K)
 Metaspace       used 69585K, committed 70016K, reserved 1114112K
  class space    used 9383K, committed 9600K, reserved 1048576K
}
Event: 115.878 GC heap after
{Heap after GC invocations=48 (full 0):
 garbage-first heap   total 71680K, used 34073K [0x00000000c8e00000, 0x0000000100000000)
  region size 1024K, 1 young (1024K), 1 survivors (1024K)
 Metaspace       used 69585K, committed 70016K, reserved 1114112K
  class space    used 9383K, committed 9600K, reserved 1048576K
}
Event: 115.883 GC heap before
{Heap before GC invocations=48 (full 0):
 garbage-first heap   total 71680K, used 36121K [0x00000000c8e00000, 0x0000000100000000)
  region size 1024K, 3 young (3072K), 1 survivors (1024K)
 Metaspace       used 69585K, committed 70016K, reserved 1114112K
  class space    used 9383K, committed 9600K, reserved 1048576K
}
Event: 115.886 GC heap after
{Heap after GC invocations=49 (full 0):
 garbage-first heap   total 71680K, used 33374K [0x00000000c8e00000, 0x0000000100000000)
  region size 1024K, 1 young (1024K), 1 survivors (1024K)
 Metaspace       used 69585K, committed 70016K, reserved 1114112K
  class space    used 9383K, committed 9600K, reserved 1048576K
}

